<?xml version="1.0" encoding="UTF-8"?>
<testsuite xmlns:xsi="http://www.w3.org/2001/XMLSchema-instance" xsi:noNamespaceSchemaLocation="https://maven.apache.org/surefire/maven-surefire-plugin/xsd/surefire-test-report-3.0.xsd" version="3.0" name="runner.TestRunner" time="3.573" tests="11" errors="0" skipped="10" failures="0">
  <properties>
    <property name="gopherProxySet" value="false"/>
    <property name="awt.toolkit" value="sun.lwawt.macosx.LWCToolkit"/>
    <property name="java.specification.version" value="11"/>
    <property name="sun.cpu.isalist" value=""/>
    <property name="sun.jnu.encoding" value="UTF-8"/>
    <property name="java.class.path" value="/Users/rezafadaei/Desktop/JavaTrainingEclipse/com.tekschool.retail/target/test-classes:/Users/rezafadaei/Desktop/JavaTrainingEclipse/com.tekschool.retail/target/classes:/Users/rezafadaei/.m2/repository/junit/junit/4.13/junit-4.13.jar:/Users/rezafadaei/.m2/repository/org/hamcrest/hamcrest-core/1.3/hamcrest-core-1.3.jar:/Users/rezafadaei/.m2/repository/org/seleniumhq/selenium/selenium-java/3.7.0/selenium-java-3.7.0.jar:/Users/rezafadaei/.m2/repository/org/seleniumhq/selenium/selenium-api/3.7.0/selenium-api-3.7.0.jar:/Users/rezafadaei/.m2/repository/org/seleniumhq/selenium/selenium-chrome-driver/3.7.0/selenium-chrome-driver-3.7.0.jar:/Users/rezafadaei/.m2/repository/org/seleniumhq/selenium/selenium-edge-driver/3.7.0/selenium-edge-driver-3.7.0.jar:/Users/rezafadaei/.m2/repository/org/seleniumhq/selenium/selenium-firefox-driver/3.7.0/selenium-firefox-driver-3.7.0.jar:/Users/rezafadaei/.m2/repository/org/seleniumhq/selenium/selenium-ie-driver/3.7.0/selenium-ie-driver-3.7.0.jar:/Users/rezafadaei/.m2/repository/org/seleniumhq/selenium/selenium-opera-driver/3.7.0/selenium-opera-driver-3.7.0.jar:/Users/rezafadaei/.m2/repository/org/seleniumhq/selenium/selenium-remote-driver/3.7.0/selenium-remote-driver-3.7.0.jar:/Users/rezafadaei/.m2/repository/org/seleniumhq/selenium/selenium-safari-driver/3.7.0/selenium-safari-driver-3.7.0.jar:/Users/rezafadaei/.m2/repository/org/seleniumhq/selenium/selenium-support/3.7.0/selenium-support-3.7.0.jar:/Users/rezafadaei/.m2/repository/net/bytebuddy/byte-buddy/1.7.5/byte-buddy-1.7.5.jar:/Users/rezafadaei/.m2/repository/org/apache/commons/commons-exec/1.3/commons-exec-1.3.jar:/Users/rezafadaei/.m2/repository/commons-codec/commons-codec/1.10/commons-codec-1.10.jar:/Users/rezafadaei/.m2/repository/commons-logging/commons-logging/1.2/commons-logging-1.2.jar:/Users/rezafadaei/.m2/repository/com/google/code/gson/gson/2.8.2/gson-2.8.2.jar:/Users/rezafadaei/.m2/repository/com/google/guava/guava/23.0/guava-23.0.jar:/Users/rezafadaei/.m2/repository/com/google/code/findbugs/jsr305/1.3.9/jsr305-1.3.9.jar:/Users/rezafadaei/.m2/repository/com/google/errorprone/error_prone_annotations/2.0.18/error_prone_annotations-2.0.18.jar:/Users/rezafadaei/.m2/repository/com/google/j2objc/j2objc-annotations/1.1/j2objc-annotations-1.1.jar:/Users/rezafadaei/.m2/repository/org/codehaus/mojo/animal-sniffer-annotations/1.14/animal-sniffer-annotations-1.14.jar:/Users/rezafadaei/.m2/repository/org/apache/httpcomponents/httpclient/4.5.3/httpclient-4.5.3.jar:/Users/rezafadaei/.m2/repository/org/apache/httpcomponents/httpcore/4.4.6/httpcore-4.4.6.jar:/Users/rezafadaei/.m2/repository/info/cukes/cucumber-java/1.2.5/cucumber-java-1.2.5.jar:/Users/rezafadaei/.m2/repository/info/cukes/cucumber-core/1.2.5/cucumber-core-1.2.5.jar:/Users/rezafadaei/.m2/repository/info/cukes/cucumber-html/0.2.3/cucumber-html-0.2.3.jar:/Users/rezafadaei/.m2/repository/info/cukes/gherkin/2.12.2/gherkin-2.12.2.jar:/Users/rezafadaei/.m2/repository/info/cukes/cucumber-jvm-deps/1.0.5/cucumber-jvm-deps-1.0.5.jar:/Users/rezafadaei/.m2/repository/info/cukes/cucumber-junit/1.2.5/cucumber-junit-1.2.5.jar:/Users/rezafadaei/.m2/repository/com/vimalselvam/cucumber-extentsreport/3.0.2/cucumber-extentsreport-3.0.2.jar:/Users/rezafadaei/.m2/repository/com/aventstack/extentreports/3.1.2/extentreports-3.1.2.jar:/Users/rezafadaei/.m2/repository/org/freemarker/freemarker/2.3.23/freemarker-2.3.23.jar:/Users/rezafadaei/.m2/repository/org/mongodb/mongodb-driver/3.3.0/mongodb-driver-3.3.0.jar:/Users/rezafadaei/.m2/repository/org/mongodb/bson/3.3.0/bson-3.3.0.jar:/Users/rezafadaei/.m2/repository/org/mongodb/mongodb-driver-core/3.3.0/mongodb-driver-core-3.3.0.jar:/Users/rezafadaei/.m2/repository/org/apache/httpcomponents/httpmime/4.5.2/httpmime-4.5.2.jar:/Users/rezafadaei/.m2/repository/org/jsoup/jsoup/1.9.2/jsoup-1.9.2.jar:/Users/rezafadaei/.m2/repository/org/apache/poi/poi/3.17/poi-3.17.jar:/Users/rezafadaei/.m2/repository/org/apache/commons/commons-collections4/4.1/commons-collections4-4.1.jar:/Users/rezafadaei/.m2/repository/org/apache/poi/poi-ooxml/3.17/poi-ooxml-3.17.jar:/Users/rezafadaei/.m2/repository/com/github/virtuald/curvesapi/1.04/curvesapi-1.04.jar:/Users/rezafadaei/.m2/repository/com/github/stephenc/monte/monte-screen-recorder/0.7.7.0/monte-screen-recorder-0.7.7.0.jar:/Users/rezafadaei/.m2/repository/org/apache/poi/poi-ooxml-schemas/3.9/poi-ooxml-schemas-3.9.jar:/Users/rezafadaei/.m2/repository/org/apache/xmlbeans/xmlbeans/2.3.0/xmlbeans-2.3.0.jar:/Users/rezafadaei/.m2/repository/stax/stax-api/1.0.1/stax-api-1.0.1.jar:/Users/rezafadaei/.m2/repository/org/apache/poi/poi-scratchpad/3.9/poi-scratchpad-3.9.jar:/Users/rezafadaei/.m2/repository/org/apache/poi/ooxml-schemas/1.1/ooxml-schemas-1.1.jar:/Users/rezafadaei/.m2/repository/org/apache/poi/openxml4j/1.0-beta/openxml4j-1.0-beta.jar:/Users/rezafadaei/.m2/repository/dom4j/dom4j/1.6.1/dom4j-1.6.1.jar:/Users/rezafadaei/.m2/repository/xml-apis/xml-apis/1.0.b2/xml-apis-1.0.b2.jar:/Users/rezafadaei/.m2/repository/log4j/log4j/1.2.8/log4j-1.2.8.jar:/Users/rezafadaei/.m2/repository/io/github/bonigarcia/webdrivermanager/3.6.2/webdrivermanager-3.6.2.jar:/Users/rezafadaei/.m2/repository/org/slf4j/slf4j-api/1.7.25/slf4j-api-1.7.25.jar:/Users/rezafadaei/.m2/repository/org/apache/commons/commons-lang3/3.8.1/commons-lang3-3.8.1.jar:/Users/rezafadaei/.m2/repository/org/rauschig/jarchivelib/1.0.0/jarchivelib-1.0.0.jar:/Users/rezafadaei/.m2/repository/org/apache/commons/commons-compress/1.18/commons-compress-1.18.jar:/Users/rezafadaei/.m2/repository/net/masterthought/cucumber-reporting/3.8.0/cucumber-reporting-3.8.0.jar:/Users/rezafadaei/.m2/repository/org/apache/logging/log4j/log4j-core/2.6/log4j-core-2.6.jar:/Users/rezafadaei/.m2/repository/com/fasterxml/jackson/core/jackson-databind/2.8.5/jackson-databind-2.8.5.jar:/Users/rezafadaei/.m2/repository/com/fasterxml/jackson/core/jackson-annotations/2.8.0/jackson-annotations-2.8.0.jar:/Users/rezafadaei/.m2/repository/com/fasterxml/jackson/core/jackson-core/2.8.5/jackson-core-2.8.5.jar:/Users/rezafadaei/.m2/repository/org/apache/velocity/velocity/1.7/velocity-1.7.jar:/Users/rezafadaei/.m2/repository/commons-collections/commons-collections/3.2.1/commons-collections-3.2.1.jar:/Users/rezafadaei/.m2/repository/commons-lang/commons-lang/2.4/commons-lang-2.4.jar:/Users/rezafadaei/.m2/repository/velocity-tools/velocity-tools/1.4/velocity-tools-1.4.jar:/Users/rezafadaei/.m2/repository/joda-time/joda-time/2.9.6/joda-time-2.9.6.jar:/Users/rezafadaei/.m2/repository/net/lingala/zip4j/zip4j/1.3.2/zip4j-1.3.2.jar:/Users/rezafadaei/.m2/repository/org/codehaus/plexus/plexus-utils/3.0.24/plexus-utils-3.0.24.jar:/Users/rezafadaei/.m2/repository/com/googlecode/owasp-java-html-sanitizer/owasp-java-html-sanitizer/20160924.1/owasp-java-html-sanitizer-20160924.1.jar:/Users/rezafadaei/.m2/repository/org/slf4j/slf4j-simple/1.7.12/slf4j-simple-1.7.12.jar:/Users/rezafadaei/.m2/repository/commons-io/commons-io/2.5/commons-io-2.5.jar:/Users/rezafadaei/.m2/repository/postgresql/postgresql/9.1-901-1.jdbc4/postgresql-9.1-901-1.jdbc4.jar:/Users/rezafadaei/.m2/repository/com/opencsv/opencsv/3.8/opencsv-3.8.jar:/Users/rezafadaei/.m2/repository/commons-beanutils/commons-beanutils/1.9.2/commons-beanutils-1.9.2.jar:/Users/rezafadaei/.m2/repository/org/apache/logging/log4j/log4j-api/2.9.1/log4j-api-2.9.1.jar:"/>
    <property name="java.vm.vendor" value="Oracle Corporation"/>
    <property name="sun.arch.data.model" value="64"/>
    <property name="java.vendor.url" value="http://java.oracle.com/"/>
    <property name="user.timezone" value=""/>
    <property name="java.vm.specification.version" value="11"/>
    <property name="os.name" value="Mac OS X"/>
    <property name="sun.java.launcher" value="SUN_STANDARD"/>
    <property name="user.country" value="US"/>
    <property name="sun.boot.library.path" value="/Library/Java/JavaVirtualMachines/jdk-11.0.2.jdk/Contents/Home/lib"/>
    <property name="sun.java.command" value="/Users/rezafadaei/Desktop/JavaTrainingEclipse/com.tekschool.retail/target/surefire/surefirebooter5482303824291788378.jar /Users/rezafadaei/Desktop/JavaTrainingEclipse/com.tekschool.retail/target/surefire 2020-10-15T20-10-13_072-jvmRun1 surefire10310310554443866616tmp surefire_03051214914066990647tmp"/>
    <property name="http.nonProxyHosts" value="local|*.local|169.254/16|*.169.254/16"/>
    <property name="jdk.debug" value="release"/>
    <property name="surefire.test.class.path" value="/Users/rezafadaei/Desktop/JavaTrainingEclipse/com.tekschool.retail/target/test-classes:/Users/rezafadaei/Desktop/JavaTrainingEclipse/com.tekschool.retail/target/classes:/Users/rezafadaei/.m2/repository/junit/junit/4.13/junit-4.13.jar:/Users/rezafadaei/.m2/repository/org/hamcrest/hamcrest-core/1.3/hamcrest-core-1.3.jar:/Users/rezafadaei/.m2/repository/org/seleniumhq/selenium/selenium-java/3.7.0/selenium-java-3.7.0.jar:/Users/rezafadaei/.m2/repository/org/seleniumhq/selenium/selenium-api/3.7.0/selenium-api-3.7.0.jar:/Users/rezafadaei/.m2/repository/org/seleniumhq/selenium/selenium-chrome-driver/3.7.0/selenium-chrome-driver-3.7.0.jar:/Users/rezafadaei/.m2/repository/org/seleniumhq/selenium/selenium-edge-driver/3.7.0/selenium-edge-driver-3.7.0.jar:/Users/rezafadaei/.m2/repository/org/seleniumhq/selenium/selenium-firefox-driver/3.7.0/selenium-firefox-driver-3.7.0.jar:/Users/rezafadaei/.m2/repository/org/seleniumhq/selenium/selenium-ie-driver/3.7.0/selenium-ie-driver-3.7.0.jar:/Users/rezafadaei/.m2/repository/org/seleniumhq/selenium/selenium-opera-driver/3.7.0/selenium-opera-driver-3.7.0.jar:/Users/rezafadaei/.m2/repository/org/seleniumhq/selenium/selenium-remote-driver/3.7.0/selenium-remote-driver-3.7.0.jar:/Users/rezafadaei/.m2/repository/org/seleniumhq/selenium/selenium-safari-driver/3.7.0/selenium-safari-driver-3.7.0.jar:/Users/rezafadaei/.m2/repository/org/seleniumhq/selenium/selenium-support/3.7.0/selenium-support-3.7.0.jar:/Users/rezafadaei/.m2/repository/net/bytebuddy/byte-buddy/1.7.5/byte-buddy-1.7.5.jar:/Users/rezafadaei/.m2/repository/org/apache/commons/commons-exec/1.3/commons-exec-1.3.jar:/Users/rezafadaei/.m2/repository/commons-codec/commons-codec/1.10/commons-codec-1.10.jar:/Users/rezafadaei/.m2/repository/commons-logging/commons-logging/1.2/commons-logging-1.2.jar:/Users/rezafadaei/.m2/repository/com/google/code/gson/gson/2.8.2/gson-2.8.2.jar:/Users/rezafadaei/.m2/repository/com/google/guava/guava/23.0/guava-23.0.jar:/Users/rezafadaei/.m2/repository/com/google/code/findbugs/jsr305/1.3.9/jsr305-1.3.9.jar:/Users/rezafadaei/.m2/repository/com/google/errorprone/error_prone_annotations/2.0.18/error_prone_annotations-2.0.18.jar:/Users/rezafadaei/.m2/repository/com/google/j2objc/j2objc-annotations/1.1/j2objc-annotations-1.1.jar:/Users/rezafadaei/.m2/repository/org/codehaus/mojo/animal-sniffer-annotations/1.14/animal-sniffer-annotations-1.14.jar:/Users/rezafadaei/.m2/repository/org/apache/httpcomponents/httpclient/4.5.3/httpclient-4.5.3.jar:/Users/rezafadaei/.m2/repository/org/apache/httpcomponents/httpcore/4.4.6/httpcore-4.4.6.jar:/Users/rezafadaei/.m2/repository/info/cukes/cucumber-java/1.2.5/cucumber-java-1.2.5.jar:/Users/rezafadaei/.m2/repository/info/cukes/cucumber-core/1.2.5/cucumber-core-1.2.5.jar:/Users/rezafadaei/.m2/repository/info/cukes/cucumber-html/0.2.3/cucumber-html-0.2.3.jar:/Users/rezafadaei/.m2/repository/info/cukes/gherkin/2.12.2/gherkin-2.12.2.jar:/Users/rezafadaei/.m2/repository/info/cukes/cucumber-jvm-deps/1.0.5/cucumber-jvm-deps-1.0.5.jar:/Users/rezafadaei/.m2/repository/info/cukes/cucumber-junit/1.2.5/cucumber-junit-1.2.5.jar:/Users/rezafadaei/.m2/repository/com/vimalselvam/cucumber-extentsreport/3.0.2/cucumber-extentsreport-3.0.2.jar:/Users/rezafadaei/.m2/repository/com/aventstack/extentreports/3.1.2/extentreports-3.1.2.jar:/Users/rezafadaei/.m2/repository/org/freemarker/freemarker/2.3.23/freemarker-2.3.23.jar:/Users/rezafadaei/.m2/repository/org/mongodb/mongodb-driver/3.3.0/mongodb-driver-3.3.0.jar:/Users/rezafadaei/.m2/repository/org/mongodb/bson/3.3.0/bson-3.3.0.jar:/Users/rezafadaei/.m2/repository/org/mongodb/mongodb-driver-core/3.3.0/mongodb-driver-core-3.3.0.jar:/Users/rezafadaei/.m2/repository/org/apache/httpcomponents/httpmime/4.5.2/httpmime-4.5.2.jar:/Users/rezafadaei/.m2/repository/org/jsoup/jsoup/1.9.2/jsoup-1.9.2.jar:/Users/rezafadaei/.m2/repository/org/apache/poi/poi/3.17/poi-3.17.jar:/Users/rezafadaei/.m2/repository/org/apache/commons/commons-collections4/4.1/commons-collections4-4.1.jar:/Users/rezafadaei/.m2/repository/org/apache/poi/poi-ooxml/3.17/poi-ooxml-3.17.jar:/Users/rezafadaei/.m2/repository/com/github/virtuald/curvesapi/1.04/curvesapi-1.04.jar:/Users/rezafadaei/.m2/repository/com/github/stephenc/monte/monte-screen-recorder/0.7.7.0/monte-screen-recorder-0.7.7.0.jar:/Users/rezafadaei/.m2/repository/org/apache/poi/poi-ooxml-schemas/3.9/poi-ooxml-schemas-3.9.jar:/Users/rezafadaei/.m2/repository/org/apache/xmlbeans/xmlbeans/2.3.0/xmlbeans-2.3.0.jar:/Users/rezafadaei/.m2/repository/stax/stax-api/1.0.1/stax-api-1.0.1.jar:/Users/rezafadaei/.m2/repository/org/apache/poi/poi-scratchpad/3.9/poi-scratchpad-3.9.jar:/Users/rezafadaei/.m2/repository/org/apache/poi/ooxml-schemas/1.1/ooxml-schemas-1.1.jar:/Users/rezafadaei/.m2/repository/org/apache/poi/openxml4j/1.0-beta/openxml4j-1.0-beta.jar:/Users/rezafadaei/.m2/repository/dom4j/dom4j/1.6.1/dom4j-1.6.1.jar:/Users/rezafadaei/.m2/repository/xml-apis/xml-apis/1.0.b2/xml-apis-1.0.b2.jar:/Users/rezafadaei/.m2/repository/log4j/log4j/1.2.8/log4j-1.2.8.jar:/Users/rezafadaei/.m2/repository/io/github/bonigarcia/webdrivermanager/3.6.2/webdrivermanager-3.6.2.jar:/Users/rezafadaei/.m2/repository/org/slf4j/slf4j-api/1.7.25/slf4j-api-1.7.25.jar:/Users/rezafadaei/.m2/repository/org/apache/commons/commons-lang3/3.8.1/commons-lang3-3.8.1.jar:/Users/rezafadaei/.m2/repository/org/rauschig/jarchivelib/1.0.0/jarchivelib-1.0.0.jar:/Users/rezafadaei/.m2/repository/org/apache/commons/commons-compress/1.18/commons-compress-1.18.jar:/Users/rezafadaei/.m2/repository/net/masterthought/cucumber-reporting/3.8.0/cucumber-reporting-3.8.0.jar:/Users/rezafadaei/.m2/repository/org/apache/logging/log4j/log4j-core/2.6/log4j-core-2.6.jar:/Users/rezafadaei/.m2/repository/com/fasterxml/jackson/core/jackson-databind/2.8.5/jackson-databind-2.8.5.jar:/Users/rezafadaei/.m2/repository/com/fasterxml/jackson/core/jackson-annotations/2.8.0/jackson-annotations-2.8.0.jar:/Users/rezafadaei/.m2/repository/com/fasterxml/jackson/core/jackson-core/2.8.5/jackson-core-2.8.5.jar:/Users/rezafadaei/.m2/repository/org/apache/velocity/velocity/1.7/velocity-1.7.jar:/Users/rezafadaei/.m2/repository/commons-collections/commons-collections/3.2.1/commons-collections-3.2.1.jar:/Users/rezafadaei/.m2/repository/commons-lang/commons-lang/2.4/commons-lang-2.4.jar:/Users/rezafadaei/.m2/repository/velocity-tools/velocity-tools/1.4/velocity-tools-1.4.jar:/Users/rezafadaei/.m2/repository/joda-time/joda-time/2.9.6/joda-time-2.9.6.jar:/Users/rezafadaei/.m2/repository/net/lingala/zip4j/zip4j/1.3.2/zip4j-1.3.2.jar:/Users/rezafadaei/.m2/repository/org/codehaus/plexus/plexus-utils/3.0.24/plexus-utils-3.0.24.jar:/Users/rezafadaei/.m2/repository/com/googlecode/owasp-java-html-sanitizer/owasp-java-html-sanitizer/20160924.1/owasp-java-html-sanitizer-20160924.1.jar:/Users/rezafadaei/.m2/repository/org/slf4j/slf4j-simple/1.7.12/slf4j-simple-1.7.12.jar:/Users/rezafadaei/.m2/repository/commons-io/commons-io/2.5/commons-io-2.5.jar:/Users/rezafadaei/.m2/repository/postgresql/postgresql/9.1-901-1.jdbc4/postgresql-9.1-901-1.jdbc4.jar:/Users/rezafadaei/.m2/repository/com/opencsv/opencsv/3.8/opencsv-3.8.jar:/Users/rezafadaei/.m2/repository/commons-beanutils/commons-beanutils/1.9.2/commons-beanutils-1.9.2.jar:/Users/rezafadaei/.m2/repository/org/apache/logging/log4j/log4j-api/2.9.1/log4j-api-2.9.1.jar:"/>
    <property name="sun.cpu.endian" value="little"/>
    <property name="user.home" value="/Users/rezafadaei"/>
    <property name="user.language" value="en"/>
    <property name="java.specification.vendor" value="Oracle Corporation"/>
    <property name="java.version.date" value="2019-01-15"/>
    <property name="java.home" value="/Library/Java/JavaVirtualMachines/jdk-11.0.2.jdk/Contents/Home"/>
    <property name="file.separator" value="/"/>
    <property name="basedir" value="/Users/rezafadaei/Desktop/JavaTrainingEclipse/com.tekschool.retail"/>
    <property name="java.vm.compressedOopsMode" value="Zero based"/>
    <property name="line.separator" value="&#10;"/>
    <property name="java.specification.name" value="Java Platform API Specification"/>
    <property name="java.vm.specification.vendor" value="Oracle Corporation"/>
    <property name="java.awt.graphicsenv" value="sun.awt.CGraphicsEnvironment"/>
    <property name="surefire.real.class.path" value="/Users/rezafadaei/Desktop/JavaTrainingEclipse/com.tekschool.retail/target/surefire/surefirebooter5482303824291788378.jar"/>
    <property name="sun.management.compiler" value="HotSpot 64-Bit Tiered Compilers"/>
    <property name="ftp.nonProxyHosts" value="local|*.local|169.254/16|*.169.254/16"/>
    <property name="java.runtime.version" value="11.0.2+9-LTS"/>
    <property name="user.name" value="rezafadaei"/>
    <property name="path.separator" value=":"/>
    <property name="os.version" value="10.15.7"/>
    <property name="java.runtime.name" value="Java(TM) SE Runtime Environment"/>
    <property name="file.encoding" value="UTF-8"/>
    <property name="java.vm.name" value="Java HotSpot(TM) 64-Bit Server VM"/>
    <property name="java.vendor.version" value="18.9"/>
    <property name="localRepository" value="/Users/rezafadaei/.m2/repository"/>
    <property name="java.vendor.url.bug" value="http://bugreport.java.com/bugreport/"/>
    <property name="java.io.tmpdir" value="/var/folders/vg/fnqk3gfj08qdbln0d6qpg2rr0000gn/T/"/>
    <property name="java.version" value="11.0.2"/>
    <property name="user.dir" value="/Users/rezafadaei/Desktop/JavaTrainingEclipse/com.tekschool.retail"/>
    <property name="os.arch" value="x86_64"/>
    <property name="java.vm.specification.name" value="Java Virtual Machine Specification"/>
    <property name="java.awt.printerjob" value="sun.lwawt.macosx.CPrinterJob"/>
    <property name="sun.os.patch.level" value="unknown"/>
    <property name="java.library.path" value="/Users/rezafadaei/Library/Java/Extensions:/Library/Java/Extensions:/Network/Library/Java/Extensions:/System/Library/Java/Extensions:/usr/lib/java:."/>
    <property name="java.vendor" value="Oracle Corporation"/>
    <property name="java.vm.info" value="mixed mode"/>
    <property name="java.vm.version" value="11.0.2+9-LTS"/>
    <property name="sun.io.unicode.encoding" value="UnicodeBig"/>
    <property name="java.class.version" value="55.0"/>
    <property name="socksNonProxyHosts" value="local|*.local|169.254/16|*.169.254/16"/>
  </properties>
  <testcase name="Given User is on Retail Website" classname="Scenario: log out from myAccount" time="0">
    <skipped/>
    <system-out><![CDATA[@LoginRegression
Feature: Login to Retail Website
 INFO [main] (Initializer.java:20)- Scenario  log out from myAccount started 
]]></system-out>
    <system-err><![CDATA[[main] INFO io.github.bonigarcia.wdm.WebDriverManager - Using chromedriver 86.0.4240.22 (since Google Chrome 86 is installed in your machine)
[main] INFO io.github.bonigarcia.wdm.WebDriverManager - Exporting webdriver.chrome.driver as /Users/rezafadaei/.m2/repository/webdriver/chromedriver/mac64/86.0.4240.22/chromedriver
Starting ChromeDriver 86.0.4240.22 (398b0743353ff36fb1b82468f63a3a93b4e2e89e-refs/branch-heads/4240@{#378}) on port 39847
Only local connections are allowed.
Please see https://chromedriver.chromium.org/security-considerations for suggestions on keeping ChromeDriver safe.
ChromeDriver was started successfully.
Oct 15, 2020 8:10:16 PM org.openqa.selenium.remote.ProtocolHandshake createSession
INFO: Detected dialect: W3C
]]></system-err>
  </testcase>
  <testcase name="And User click on MyAccount" classname="Scenario: log out from myAccount" time="0">
    <skipped/>
  </testcase>
  <testcase name="And User click on MyAccount" classname="Scenario: log out from myAccount" time="0">
    <skipped/>
  </testcase>
  <testcase name="When User click on login" classname="Scenario: log out from myAccount" time="0">
    <skipped/>
    <system-out><![CDATA[
  #Any step which is repeated at the beginning of scenarios in one feature can be placed under background keyword
  # and it will reduce redundancy
  Background: LoginTest             # Features/login.feature:7
    Given User is on Retail Website
    And User click on MyAccount
]]></system-out>
  </testcase>
  <testcase name="And User enter username &apos;sdet@tekschool.us&apos; and password &apos;sdet&apos;" classname="Scenario: log out from myAccount" time="0">
    <skipped/>
  </testcase>
  <testcase name="And User click on login  utton" classname="Scenario: log out from myAccount" time="0">
    <skipped/>
  </testcase>
  <testcase name="And User should be logged into MyAccount dashboar" classname="Scenario: log out from myAccount" time="0">
    <skipped/>
  </testcase>
  <testcase name="And User click on logout" classname="Scenario: log out from myAccount" time="0">
    <skipped/>
  </testcase>
  <testcase name="Then User should be logged out from MyAccount dashboard" classname="Scenario: log out from myAccount" time="0">
    <skipped/>
  </testcase>
  <testcase name="Scenario: log out from myAccount" classname="Scenario: log out from myAccount" time="0">
    <skipped/>
    <system-out><![CDATA[ INFO [main] (Initializer.java:53)- log out from myAccount  undefined
]]></system-out>
  </testcase>
  <testcase name="Scenario: log out from myAccount" classname="Scenario: log out from myAccount" time="3.09"/>
</testsuite>